This is pdfTeX, Version 3.1415926-2.4-1.40.13 (TeX Live 2012) (format=pdflatex 2012.6.30)  31 AUG 2014 13:54
entering extended mode
 restricted \write18 enabled.
 file:line:error style messages enabled.
 %&-line parsing enabled.
**paper.tex
(./paper.tex
LaTeX2e <2011/06/27>
Babel <v3.8m> and hyphenation patterns for english, dumylang, nohyphenation, ge
rman-x-2012-05-30, ngerman-x-2012-05-30, afrikaans, ancientgreek, ibycus, arabi
c, armenian, basque, bulgarian, catalan, pinyin, coptic, croatian, czech, danis
h, dutch, ukenglish, usenglishmax, esperanto, estonian, ethiopic, farsi, finnis
h, french, friulan, galician, german, ngerman, swissgerman, monogreek, greek, h
ungarian, icelandic, assamese, bengali, gujarati, hindi, kannada, malayalam, ma
rathi, oriya, panjabi, tamil, telugu, indonesian, interlingua, irish, italian, 
kurmanji, latin, latvian, lithuanian, mongolian, mongolianlmc, bokmal, nynorsk,
 polish, portuguese, romanian, romansh, russian, sanskrit, serbian, serbianc, s
lovak, slovenian, spanish, swedish, turkish, turkmen, ukrainian, uppersorbian, 
welsh, loaded.
(/usr/local/texlive/2012/texmf-dist/tex/latex/revtex4/revtex4.cls
Document Class: revtex4 2001/08/02 v4.0 (http://publish.aps.org/revtex4/ for do
cumentation)
 Copyright (c) 2001 The American Physical Society.
 mailto:revtex@aps.org
 Licensed under the LPPL:
http://www.ctan.org/tex-archive/macros/latex/base/lppl.txt
 Arthur Ogawa <ogawa@teleport.com>
 Based on work by David Carlisle <david@dcarlisle.demon.co.uk>.
ltxutil: portions licensed from W. E. Baxter (web@superscript.com)
Class revtex4 Info: Repairing broken LateX \@sect on input line 596.
\intertabularlinepenalty=\count79
\@tbpen=\count80
\@arstrutbox@hline=\box26
Class revtex4 Info: Repairing broken LaTeX \@xbitor on input line 1610.
ltxgrid: portions licensed from W. E. Baxter (web@superscript.com)
\c@linecount=\count81
\output=\toks14
\@protection@box=\box27
\@topmark@saved=\toks15
\footins@saved=\box28
\pagesofar=\box29
\footbox=\box30
\pagegrid@col=\count82
Class revtex4 Info: Incorporating package {textcase}  [1998/11/12 v0.06 Text on
ly upper/lower case changing (DPC)]. on input line 3682.
(/usr/local/texlive/2012/texmf-dist/tex/latex/url/url.sty
\Urlmuskip=\muskip10
Package: url 2006/04/12  ver 3.3  Verb mode for urls, etc.
)
\c@affil=\count83
\absbox=\box31
\c@part=\count84
\c@section=\count85
\c@subsection=\count86
\c@subsubsection=\count87
\c@paragraph=\count88
\c@subparagraph=\count89
\abovecaptionskip=\skip41
\belowcaptionskip=\skip42
\c@figure=\count90
\c@table=\count91

(/usr/local/texlive/2012/texmf-dist/tex/latex/natbib/natbib.sty
Package: natbib 2010/09/13 8.31b (PWD, AO)
\bibhang=\skip43
\bibsep=\skip44
LaTeX Info: Redefining \cite on input line 694.
\c@NAT@ctr=\count92
)
\widetext@top=\box32
\widetext@bot=\box33

(/usr/local/texlive/2012/texmf-dist/tex/latex/revtex4/revsymb.sty
Package: revsymb 2001/08/02 v4.0 (http://publish.aps.org/revtex4/ for documenta
tion)
LaTeX Info: Redefining \REV@mathfrak on input line 118.
))
(/usr/local/texlive/2012/texmf-dist/tex/latex/amsfonts/amssymb.sty
Package: amssymb 2009/06/22 v3.00

(/usr/local/texlive/2012/texmf-dist/tex/latex/amsfonts/amsfonts.sty
Package: amsfonts 2009/06/22 v3.00 Basic AMSFonts support
\@emptytoks=\toks16
\symAMSa=\mathgroup4
\symAMSb=\mathgroup5
LaTeX Font Info:    Overwriting math alphabet `\mathfrak' in version `bold'
(Font)                  U/euf/m/n --> U/euf/b/n on input line 96.
LaTeX Info: Redefining \frak on input line 99.
LaTeX Info: Redefining \Bbb on input line 101.
))
(/usr/local/texlive/2012/texmf-dist/tex/latex/revtex4/aps.rtx
File: aps.rtx 2001/08/02 v4.0 (http://publish.aps.org/revtex4/ for documentatio
n)
)
(/usr/local/texlive/2012/texmf-dist/tex/latex/revtex4/10pt.rtx
File: 10pt.rtx 2001/08/02 v4.0 (http://publish.aps.org/revtex4/ for documentati
on)
)
(/usr/local/texlive/2012/texmf-dist/tex/latex/graphics/color.sty
Package: color 2005/11/14 v1.0j Standard LaTeX Color (DPC)

(/usr/local/texlive/2012/texmf-dist/tex/latex/latexconfig/color.cfg
File: color.cfg 2007/01/18 v1.5 color configuration of teTeX/TeXLive
)
Package color Info: Driver file: pdftex.def on input line 130.

(/usr/local/texlive/2012/texmf-dist/tex/latex/pdftex-def/pdftex.def
File: pdftex.def 2011/05/27 v0.06d Graphics/color for pdfTeX

(/usr/local/texlive/2012/texmf-dist/tex/generic/oberdiek/infwarerr.sty
Package: infwarerr 2010/04/08 v1.3 Providing info/warning/error messages (HO)
)
(/usr/local/texlive/2012/texmf-dist/tex/generic/oberdiek/ltxcmds.sty
Package: ltxcmds 2011/11/09 v1.22 LaTeX kernel commands for general use (HO)
)
\Gread@gobject=\count93
))
(/usr/local/texlive/2012/texmf-dist/tex/generic/ulem/ulem.sty
\UL@box=\box34
\UL@hyphenbox=\box35
\UL@skip=\skip45
\UL@hook=\toks17
\UL@height=\dimen102
\UL@pe=\count94
\UL@pixel=\dimen103
\ULC@box=\box36
Package: ulem 2012/05/18
\ULdepth=\dimen104
)
(/usr/local/texlive/2012/texmf-dist/tex/latex/graphics/graphicx.sty
Package: graphicx 1999/02/16 v1.0f Enhanced LaTeX Graphics (DPC,SPQR)

(/usr/local/texlive/2012/texmf-dist/tex/latex/graphics/keyval.sty
Package: keyval 1999/03/16 v1.13 key=value parser (DPC)
\KV@toks@=\toks18
)
(/usr/local/texlive/2012/texmf-dist/tex/latex/graphics/graphics.sty
Package: graphics 2009/02/05 v1.0o Standard LaTeX Graphics (DPC,SPQR)

(/usr/local/texlive/2012/texmf-dist/tex/latex/graphics/trig.sty
Package: trig 1999/03/16 v1.09 sin cos tan (DPC)
)
(/usr/local/texlive/2012/texmf-dist/tex/latex/latexconfig/graphics.cfg
File: graphics.cfg 2010/04/23 v1.9 graphics configuration of TeX Live
)
Package graphics Info: Driver file: pdftex.def on input line 91.
)
\Gin@req@height=\dimen105
\Gin@req@width=\dimen106
)
(/usr/local/texlive/2012/texmf-dist/tex/latex/amsmath/amsmath.sty
Package: amsmath 2000/07/18 v2.13 AMS math features
\@mathmargin=\skip46

For additional information on amsmath, use the `?' option.
(/usr/local/texlive/2012/texmf-dist/tex/latex/amsmath/amstext.sty
Package: amstext 2000/06/29 v2.01

(/usr/local/texlive/2012/texmf-dist/tex/latex/amsmath/amsgen.sty
File: amsgen.sty 1999/11/30 v2.0
\@emptytoks=\toks19
\ex@=\dimen107
))
(/usr/local/texlive/2012/texmf-dist/tex/latex/amsmath/amsbsy.sty
Package: amsbsy 1999/11/29 v1.2d
\pmbraise@=\dimen108
)
(/usr/local/texlive/2012/texmf-dist/tex/latex/amsmath/amsopn.sty
Package: amsopn 1999/12/14 v2.01 operator names
)
\inf@bad=\count95
LaTeX Info: Redefining \frac on input line 211.
\uproot@=\count96
\leftroot@=\count97
LaTeX Info: Redefining \overline on input line 307.
\classnum@=\count98
\DOTSCASE@=\count99
LaTeX Info: Redefining \ldots on input line 379.
LaTeX Info: Redefining \dots on input line 382.
LaTeX Info: Redefining \cdots on input line 467.
\Mathstrutbox@=\box37
\strutbox@=\box38
\big@size=\dimen109
LaTeX Font Info:    Redeclaring font encoding OML on input line 567.
LaTeX Font Info:    Redeclaring font encoding OMS on input line 568.
\macc@depth=\count100
\c@MaxMatrixCols=\count101
\dotsspace@=\muskip11
\c@parentequation=\count102
\dspbrk@lvl=\count103
\tag@help=\toks20
\row@=\count104
\column@=\count105
\maxfields@=\count106
\andhelp@=\toks21
\eqnshift@=\dimen110
\alignsep@=\dimen111
\tagshift@=\dimen112
\tagwidth@=\dimen113
\totwidth@=\dimen114
\lineht@=\dimen115
\@envbody=\toks22
\multlinegap=\skip47
\multlinetaggap=\skip48
\mathdisplay@stack=\toks23
LaTeX Info: Redefining \[ on input line 2666.
LaTeX Info: Redefining \] on input line 2667.
)
(/usr/local/texlive/2012/texmf-dist/tex/latex/oberdiek/epstopdf.sty
Package: epstopdf 2010/02/09 v2.5 Conversion with epstopdf on the fly (HO)

(/usr/local/texlive/2012/texmf-dist/tex/latex/oberdiek/epstopdf-base.sty
Package: epstopdf-base 2010/02/09 v2.5 Base part for package epstopdf

(/usr/local/texlive/2012/texmf-dist/tex/latex/oberdiek/grfext.sty
Package: grfext 2010/08/19 v1.1 Manage graphics extensions (HO)

(/usr/local/texlive/2012/texmf-dist/tex/generic/oberdiek/kvdefinekeys.sty
Package: kvdefinekeys 2011/04/07 v1.3 Define keys (HO)
))
(/usr/local/texlive/2012/texmf-dist/tex/latex/oberdiek/kvoptions.sty
Package: kvoptions 2011/06/30 v3.11 Key value format for package options (HO)

(/usr/local/texlive/2012/texmf-dist/tex/generic/oberdiek/kvsetkeys.sty
Package: kvsetkeys 2012/04/25 v1.16 Key value parser (HO)

(/usr/local/texlive/2012/texmf-dist/tex/generic/oberdiek/etexcmds.sty
Package: etexcmds 2011/02/16 v1.5 Avoid name clashes with e-TeX commands (HO)

(/usr/local/texlive/2012/texmf-dist/tex/generic/oberdiek/ifluatex.sty
Package: ifluatex 2010/03/01 v1.3 Provides the ifluatex switch (HO)
Package ifluatex Info: LuaTeX not detected.
)
Package etexcmds Info: Could not find \expanded.
(etexcmds)             That can mean that you are not using pdfTeX 1.50 or
(etexcmds)             that some package has redefined \expanded.
(etexcmds)             In the latter case, load this package earlier.
)))
(/usr/local/texlive/2012/texmf-dist/tex/generic/oberdiek/pdftexcmds.sty
Package: pdftexcmds 2011/11/29 v0.20 Utility functions of pdfTeX for LuaTeX (HO
)

(/usr/local/texlive/2012/texmf-dist/tex/generic/oberdiek/ifpdf.sty
Package: ifpdf 2011/01/30 v2.3 Provides the ifpdf switch (HO)
Package ifpdf Info: pdfTeX in PDF mode is detected.
)
Package pdftexcmds Info: LuaTeX not detected.
Package pdftexcmds Info: \pdf@primitive is available.
Package pdftexcmds Info: \pdf@ifprimitive is available.
Package pdftexcmds Info: \pdfdraftmode found.
)
Package grfext Info: Graphics extension search list:
(grfext)             [.png,.pdf,.jpg,.mps,.jpeg,.jbig2,.jb2,.PNG,.PDF,.JPG,.JPE
G,.JBIG2,.JB2,.eps]
(grfext)             \AppendGraphicsExtensions on input line 452.

(/usr/local/texlive/2012/texmf-dist/tex/latex/latexconfig/epstopdf-sys.cfg
File: epstopdf-sys.cfg 2010/07/13 v1.3 Configuration of (r)epstopdf for TeX Liv
e
)))

LaTeX Warning: Unused global option(s):
    [epsf].

(./paper.aux)
\openout1 = `paper.aux'.

LaTeX Font Info:    Checking defaults for OML/cmm/m/it on input line 20.
LaTeX Font Info:    ... okay on input line 20.
LaTeX Font Info:    Checking defaults for T1/cmr/m/n on input line 20.
LaTeX Font Info:    ... okay on input line 20.
LaTeX Font Info:    Checking defaults for OT1/cmr/m/n on input line 20.
LaTeX Font Info:    ... okay on input line 20.
LaTeX Font Info:    Checking defaults for OMS/cmsy/m/n on input line 20.
LaTeX Font Info:    ... okay on input line 20.
LaTeX Font Info:    Checking defaults for OMX/cmex/m/n on input line 20.
LaTeX Font Info:    ... okay on input line 20.
LaTeX Font Info:    Checking defaults for U/cmr/m/n on input line 20.
LaTeX Font Info:    ... okay on input line 20.
Class revtex4 Info: Patching LaTeX tabular. on input line 20.
Class revtex4 Info: cite was not loaded (OK!) on input line 20.
Class revtex4 Info: multicol was not loaded (OK!) on input line 20.

(/usr/local/texlive/2012/texmf-dist/tex/context/base/supp-pdf.mkii
[Loading MPS to PDF converter (version 2006.09.02).]
\scratchcounter=\count107
\scratchdimen=\dimen116
\scratchbox=\box39
\nofMPsegments=\count108
\nofMParguments=\count109
\everyMPshowfont=\toks24
\MPscratchCnt=\count110
\MPscratchDim=\dimen117
\MPnumerator=\count111
\makeMPintoPDFobject=\count112
\everyMPtoPDFconversion=\toks25
)
LaTeX Font Info:    Try loading font information for U+msa on input line 32.
 (/usr/local/texlive/2012/texmf-dist/tex/latex/amsfonts/umsa.fd
File: umsa.fd 2009/06/22 v3.00 AMS symbols A
)
LaTeX Font Info:    Try loading font information for U+msb on input line 32.

(/usr/local/texlive/2012/texmf-dist/tex/latex/amsfonts/umsb.fd
File: umsb.fd 2009/06/22 v3.00 AMS symbols B
) [1{/usr/local/texlive/2012/texmf-var/fonts/map/pdftex/updmap/pdftex.map}] [2]
 [3]
Overfull \hbox (0.54611pt too wide) in alignment at lines 171--175
 [][][] []
 []

[4]

Package natbib Warning: Citation `Nikhef_paper_2' on page 5 undefined on input 
line 193.

[5] <mvs3d.png, id=39, 1420.30624pt x 978.65625pt>
File: mvs3d.png Graphic file (type png)
 <use mvs3d.png>
Package pdftex.def Info: mvs3d.png used on input line 313.
(pdftex.def)             Requested size: 231.26378pt x 159.35081pt.
 [6 <./mvs3d.png (PNG copy)>] <Radiuslambda.pdf, id=45, 517.02847pt x 731.89842
pt>
File: Radiuslambda.pdf Graphic file (type pdf)

<use Radiuslambda.pdf>
Package pdftex.def Info: Radiuslambda.pdf used on input line 350.
(pdftex.def)             Requested size: 231.26378pt x 327.37453pt.

Underfull \hbox (badness 1735) in paragraph at lines 376--378
\OT1/cmr/m/n/10 so we will de-com-pose it into blocks that can be
 []


Underfull \hbox (badness 2401) in paragraph at lines 376--378
\OT1/cmr/m/n/10 in-di-vid-u-ally com-puted. First, we de-com-pose the
 []

[7 <./Radiuslambda.pdf>]
Underfull \hbox (badness 4621) in paragraph at lines 393--395
\OT1/cmr/m/n/10 and we have used the fact that the like-li-hood
 []


Overfull \hbox (6.8504pt too wide) in paragraph at lines 404--404
[] 
 []

[8] [9] [10]
<LALMCMCmpa1FitTaylorF2ZeroNoiseBNS20p.pdf, id=173, 512.05678pt x 732.90218pt>
File: LALMCMCmpa1FitTaylorF2ZeroNoiseBNS20p.pdf Graphic file (type pdf)

<use LALMCMCmpa1FitTaylorF2ZeroNoiseBNS20p.pdf>
Package pdftex.def Info: LALMCMCmpa1FitTaylorF2ZeroNoiseBNS20p.pdf used on inpu
t line 537.
(pdftex.def)             Requested size: 231.26378pt x 331.01071pt.

<LALMCMCmpa1FitTaylorF2ZeroNoiseBNS20Radiuslambda.pdf, id=174, 517.02847pt x 73
1.89842pt>
File: LALMCMCmpa1FitTaylorF2ZeroNoiseBNS20Radiuslambda.pdf Graphic file (type p
df)
 <use LALMCMCmpa1FitTaylorF2ZeroNoiseBNS20Radiuslambda.pdf>
Package pdftex.def Info: LALMCMCmpa1FitTaylorF2ZeroNoiseBNS20Radiuslambda.pdf u
sed on input line 538.
(pdftex.def)             Requested size: 231.26378pt x 327.37453pt.
 [11]
<LALMCMCmpa1FitTaylorF2ZeroNoiseperror.pdf, id=178, 512.05678pt x 396.8467pt>
File: LALMCMCmpa1FitTaylorF2ZeroNoiseperror.pdf Graphic file (type pdf)

<use LALMCMCmpa1FitTaylorF2ZeroNoiseperror.pdf>
Package pdftex.def Info: LALMCMCmpa1FitTaylorF2ZeroNoiseperror.pdf used on inpu
t line 554.
(pdftex.def)             Requested size: 231.26378pt x 179.23334pt.

<LALMCMCmpa1FitTaylorF2ZeroNoiseRadiuslambda.pdf, id=179, 517.02847pt x 731.898
42pt>
File: LALMCMCmpa1FitTaylorF2ZeroNoiseRadiuslambda.pdf Graphic file (type pdf)
 <use LALMCMCmpa1FitTaylorF2ZeroNoiseRadiuslambda.pdf>
Package pdftex.def Info: LALMCMCmpa1FitTaylorF2ZeroNoiseRadiuslambda.pdf used o
n input line 555.
(pdftex.def)             Requested size: 231.26378pt x 327.37453pt.
 [12 <./LALMCMCmpa1FitTaylorF2ZeroNoiseBNS20p.pdf> <./LALMCMCmpa1FitTaylorF2Zer
oNoiseBNS20Radiuslambda.pdf

pdfTeX warning: /usr/texbin/pdflatex (file ./LALMCMCmpa1FitTaylorF2ZeroNoiseBNS
20Radiuslambda.pdf): PDF inclusion: multiple pdfs with page group included in a
 single page
>] <priormmaxperror.pdf, id=335, 512.05678pt x 396.8467pt>
File: priormmaxperror.pdf Graphic file (type pdf)

<use priormmaxperror.pdf>
Package pdftex.def Info: priormmaxperror.pdf used on input line 570.
(pdftex.def)             Requested size: 231.26378pt x 179.23334pt.

<priormmaxRadiuslambda.pdf, id=336, 517.02847pt x 731.89842pt>
File: priormmaxRadiuslambda.pdf Graphic file (type pdf)

<use priormmaxRadiuslambda.pdf>
Package pdftex.def Info: priormmaxRadiuslambda.pdf used on input line 571.
(pdftex.def)             Requested size: 231.26378pt x 327.37453pt.
 [13 <./LALMCMCmpa1FitTaylorF2ZeroNoiseperror.pdf> <./LALMCMCmpa1FitTaylorF2Zer
oNoiseRadiuslambda.pdf

pdfTeX warning: /usr/texbin/pdflatex (file ./LALMCMCmpa1FitTaylorF2ZeroNoiseRad
iuslambda.pdf): PDF inclusion: multiple pdfs with page group included in a sing
le page
>]

LaTeX Warning: A float is stuck (cannot be placed); try class option [floatfix]
 on input line 583.

<LALMCMCmpa1FitTaylorF2VaryMassperror.pdf, id=487, 512.05678pt x 396.8467pt>
File: LALMCMCmpa1FitTaylorF2VaryMassperror.pdf Graphic file (type pdf)

<use LALMCMCmpa1FitTaylorF2VaryMassperror.pdf>
Package pdftex.def Info: LALMCMCmpa1FitTaylorF2VaryMassperror.pdf used on input
 line 589.
(pdftex.def)             Requested size: 231.26378pt x 179.23334pt.

<LALMCMCmpa1FitTaylorF2VaryMassRadiuslambda.pdf, id=488, 517.02847pt x 731.8984
2pt>
File: LALMCMCmpa1FitTaylorF2VaryMassRadiuslambda.pdf Graphic file (type pdf)
 <use LALMCMCmpa1FitTaylorF2VaryMassRadiuslambda.pdf>
Package pdftex.def Info: LALMCMCmpa1FitTaylorF2VaryMassRadiuslambda.pdf used on
 input line 590.
(pdftex.def)             Requested size: 231.26378pt x 327.37453pt.
LaTeX Font Info:    Font shape `OT1/cmtt/bx/n' in size <9> not available
(Font)              Font shape `OT1/cmtt/m/n' tried instead on input line 597.

<CompareLALFisherZeroNoiseperror.pdf, id=489, 512.05678pt x 396.8467pt>
File: CompareLALFisherZeroNoiseperror.pdf Graphic file (type pdf)

<use CompareLALFisherZeroNoiseperror.pdf>
Package pdftex.def Info: CompareLALFisherZeroNoiseperror.pdf used on input line
 606.
(pdftex.def)             Requested size: 231.26378pt x 179.23334pt.

<CompareLALFisherZeroNoiseRadiuslambda.pdf, id=490, 517.02847pt x 731.89842pt>
File: CompareLALFisherZeroNoiseRadiuslambda.pdf Graphic file (type pdf)

<use CompareLALFisherZeroNoiseRadiuslambda.pdf>
Package pdftex.def Info: CompareLALFisherZeroNoiseRadiuslambda.pdf used on inpu
t line 607.
(pdftex.def)             Requested size: 231.26378pt x 327.37453pt.
 [14 <./priormmaxperror.pdf> <./priormmaxRadiuslambda.pdf

pdfTeX warning: /usr/texbin/pdflatex (file ./priormmaxRadiuslambda.pdf): PDF in
clusion: multiple pdfs with page group included in a single page
>]

LaTeX Warning: A float is stuck (cannot be placed); try class option [floatfix]
 on input line 617.

[15 <./LALMCMCmpa1FitTaylorF2VaryMassperror.pdf> <./LALMCMCmpa1FitTaylorF2VaryM
assRadiuslambda.pdf

pdfTeX warning: /usr/texbin/pdflatex (file ./LALMCMCmpa1FitTaylorF2VaryMassRadi
uslambda.pdf): PDF inclusion: multiple pdfs with page group included in a singl
e page
> <./CompareLALFisherZeroNoiseperror.pdf

pdfTeX warning: /usr/texbin/pdflatex (file ./CompareLALFisherZeroNoiseperror.pd
f): PDF inclusion: multiple pdfs with page group included in a single page
> <./CompareLALFisherZeroNoiseRadiuslambda.pdf

pdfTeX warning: /usr/texbin/pdflatex (file ./CompareLALFisherZeroNoiseRadiuslam
bda.pdf): PDF inclusion: multiple pdfs with page group included in a single pag
e
>] <perroralleos.pdf, id=960, 960.1308pt x 956.9392pt>
File: perroralleos.pdf Graphic file (type pdf)
 <use perroralleos.pdf>
Package pdftex.def Info: perroralleos.pdf used on input line 620.
(pdftex.def)             Requested size: 462.52756pt x 460.99019pt.

<constraintsalleos.pdf, id=961, 965.1025pt x 725.82103pt>
File: constraintsalleos.pdf Graphic file (type pdf)

<use constraintsalleos.pdf>
Package pdftex.def Info: constraintsalleos.pdf used on input line 632.
(pdftex.def)             Requested size: 462.52756pt x 347.84744pt.

<LALMCMCmpa1FitTaylorF2CompareNoiseperror.pdf, id=962, 512.05678pt x 396.8467pt
>
File: LALMCMCmpa1FitTaylorF2CompareNoiseperror.pdf Graphic file (type pdf)
 <use LALMCMCmpa1FitTaylorF2CompareNoiseperror.pdf>
Package pdftex.def Info: LALMCMCmpa1FitTaylorF2CompareNoiseperror.pdf used on i
nput line 645.
(pdftex.def)             Requested size: 231.26378pt x 179.23334pt.

<LALMCMCmpa1FitTaylorF2CompareNoiseRadiuslambda.pdf, id=963, 517.02847pt x 731.
89842pt>
File: LALMCMCmpa1FitTaylorF2CompareNoiseRadiuslambda.pdf Graphic file (type pdf
)
 <use LALMCMCmpa1FitTaylorF2CompareNoiseRadiuslambda.pdf>
Package pdftex.def Info: LALMCMCmpa1FitTaylorF2CompareNoiseRadiuslambda.pdf use
d on input line 646.
(pdftex.def)             Requested size: 231.26378pt x 327.37453pt.

<LALMCMCmpa1FitCompareF2T1T4ZeroNoiseperror.pdf, id=964, 512.05678pt x 396.8467
pt>
File: LALMCMCmpa1FitCompareF2T1T4ZeroNoiseperror.pdf Graphic file (type pdf)
 <use LALMCMCmpa1FitCompareF2T1T4ZeroNoiseperror.pdf>
Package pdftex.def Info: LALMCMCmpa1FitCompareF2T1T4ZeroNoiseperror.pdf used on
 input line 665.
(pdftex.def)             Requested size: 231.26378pt x 179.23334pt.

<LALMCMCmpa1FitCompareF2T1T4ZeroNoiseRadiuslambda.pdf, id=965, 517.02847pt x 73
1.89842pt>
File: LALMCMCmpa1FitCompareF2T1T4ZeroNoiseRadiuslambda.pdf Graphic file (type p
df)
 <use LALMCMCmpa1FitCompareF2T1T4ZeroNoiseRadiuslambda.pdf>
Package pdftex.def Info: LALMCMCmpa1FitCompareF2T1T4ZeroNoiseRadiuslambda.pdf u
sed on input line 666.
(pdftex.def)             Requested size: 231.26378pt x 327.37453pt.
 [16]
[17 <./perroralleos.pdf>] [18 <./constraintsalleos.pdf>]

LaTeX Warning: A float is stuck (cannot be placed); try class option [floatfix]
 on input line 686.

[19 <./LALMCMCmpa1FitTaylorF2CompareNoiseperror.pdf> <./LALMCMCmpa1FitTaylorF2C
ompareNoiseRadiuslambda.pdf

pdfTeX warning: /usr/texbin/pdflatex (file ./LALMCMCmpa1FitTaylorF2CompareNoise
Radiuslambda.pdf): PDF inclusion: multiple pdfs with page group included in a s
ingle page
> <./LALMCMCmpa1FitCompareF2T1T4ZeroNoiseperror.pdf

pdfTeX warning: /usr/texbin/pdflatex (file ./LALMCMCmpa1FitCompareF2T1T4ZeroNoi
seperror.pdf): PDF inclusion: multiple pdfs with page group included in a singl
e page
> <./LALMCMCmpa1FitCompareF2T1T4ZeroNoiseRadiuslambda.pdf

pdfTeX warning: /usr/texbin/pdflatex (file ./LALMCMCmpa1FitCompareF2T1T4ZeroNoi
seRadiuslambda.pdf): PDF inclusion: multiple pdfs with page group included in a
 single page
>] [20] (./paper.bbl
Underfull \hbox (badness 10000) in paragraph at lines 85--89
 []\OT1/cmr/m/n/9 F. Ac-er-nese, et al. (Virgo Col-lab-o-ra-tion),
 []


Underfull \hbox (badness 10000) in paragraph at lines 85--89
 |   [] \OT1/cmr/m/n/9 (2009),
 []


Underfull \hbox (badness 10000) in paragraph at lines 85--89
 \OT1/cmr/m/n/9 URL $\OT1/cmtt/m/n/9 https : / / tds . ego-[]gw . it / itf / td
s / file . php ?
 []


Underfull \hbox (badness 1881) in paragraph at lines 94--106
 []\OT1/cmr/m/n/9 LIGO Sci-en-tific Col-lab-o-ra-tion, Virgo Col-lab-o-ra-tion,

 []


Underfull \hbox (badness 1509) in paragraph at lines 116--124
 \OT1/cmr/m/n/9 rand-har, S. Raja, and A. Sen-gupta, LIGO Doc-u-
 []

./paper.bbl:148: Undefined control sequence.
<argument> \mnras 
                  
l.148 ...font{{Janka}}}, \bibinfo{journal}{\mnras}
                                                  
? 

Underfull \hbox (badness 1237) in paragraph at lines 155--163
 []\OT1/cmr/m/n/9 J. Clark, A. Bauswein, L. Cado-nati, H.-T. Janka,
 []


Underfull \hbox (badness 2142) in paragraph at lines 270--273
 []\OT1/cmr/m/n/9 L. Lind-blom, Phys. Rev. D  \OT1/cmr/bx/n/9 82\OT1/cmr/m/n/9 
, 103011 (2010),
 []

./paper.bbl:289: Undefined control sequence.
<argument> \apjl 
                 
l.289 ...efont{{Brown}}}, \bibinfo{journal}{\apjl}
                                                  
? 

Underfull \hbox (badness 2229) in paragraph at lines 300--302
 []|   []\OT1/cmr/m/n/9 , URL $\OT1/cmtt/m/n/9 http : / / www . lsc-[]group .
 []

./paper.bbl:331: Undefined control sequence.
<argument> \pasp 
                 
l.331   \bibinfo{journal}{\pasp}
                                 \textbf{\bibinfo{volume}{125}}, \bibinfo{pa...

? 

Overfull \hbox (19.53568pt too wide) in paragraph at lines 351--355
 []\OT1/cmr/m/n/9 D. Shoe-maker, |   []
 []


Underfull \hbox (badness 1694) in paragraph at lines 351--355
 \OT1/cmr/m/n/9 (LSC, 2009), URL $\OT1/cmtt/m/n/9 https : / / dcc . ligo . org 
/ cgi-[]bin /
 []

[21]
Underfull \hbox (badness 1331) in paragraph at lines 368--381
 \OT1/cmr/m/n/9 T. Ac-ca-dia, F. Ac-er-nese, C. Adams, R. Ad-hikari,
 []


Underfull \hbox (badness 2401) in paragraph at lines 392--399
 []\OT1/cmr/m/n/9 K. Hebeler, J. M. Lat-timer, C. J. Pethick, and
 []

./paper.bbl:420: Undefined control sequence.
<argument> \apjl 
                 
l.420 ...ont{{Pletsch}}}, \bibinfo{journal}{\apjl}
                                                  
? 
./paper.bbl:486: Undefined control sequence.
<argument> \apjl 
                 
l.486 ...efont{{Harry}}}, \bibinfo{journal}{\apjl}
                                                  
? 
./paper.bbl:514: Undefined control sequence.
<argument> \apjl 
                 
l.514   \bibinfo{journal}{\apjl}
                                 \textbf{\bibinfo{volume}{757}}, \bibinfo{ei...

? 
./paper.bbl:519: Undefined control sequence.
<argument> \mnras 
                  
l.519   \bibinfo{journal}{\mnras}
                                  \textbf{\bibinfo{volume}{270}},
? 
./paper.bbl:525: Undefined control sequence.
<argument> \mnras 
                  
l.525   \bibinfo{journal}{\mnras}
                                  \textbf{\bibinfo{volume}{308}},
? 
)

Class revtex4 Warning: Environment acknowledgements is obsolete;
Use acknowledgments instead.


Package natbib Warning: There were undefined citations.

[22] (./paper.aux) ) 
Here is how much of TeX's memory you used:
 4421 strings out of 493488
 61937 string characters out of 3141326
 160931 words of memory out of 3000000
 7644 multiletter control sequences out of 15000+200000
 12337 words of font info for 49 fonts, out of 3000000 for 9000
 957 hyphenation exceptions out of 8191
 42i,18n,27p,2408b,371s stack positions out of 5000i,500n,10000p,200000b,50000s
</usr/local/texlive/2012/texmf-dist/fonts/type1/public/amsf
onts/cm/cmbx10.pfb></usr/local/texlive/2012/texmf-dist/fonts/type1/public/amsfo
nts/cm/cmbx12.pfb></usr/local/texlive/2012/texmf-dist/fonts/type1/public/amsfon
ts/cm/cmbx9.pfb></usr/local/texlive/2012/texmf-dist/fonts/type1/public/amsfonts
/cm/cmex10.pfb></usr/local/texlive/2012/texmf-dist/fonts/type1/public/amsfonts/
cm/cmmi10.pfb></usr/local/texlive/2012/texmf-dist/fonts/type1/public/amsfonts/c
m/cmmi5.pfb></usr/local/texlive/2012/texmf-dist/fonts/type1/public/amsfonts/cm/
cmmi6.pfb></usr/local/texlive/2012/texmf-dist/fonts/type1/public/amsfonts/cm/cm
mi7.pfb></usr/local/texlive/2012/texmf-dist/fonts/type1/public/amsfonts/cm/cmmi
8.pfb></usr/local/texlive/2012/texmf-dist/fonts/type1/public/amsfonts/cm/cmmi9.
pfb></usr/local/texlive/2012/texmf-dist/fonts/type1/public/amsfonts/cm/cmr10.pf
b></usr/local/texlive/2012/texmf-dist/fonts/type1/public/amsfonts/cm/cmr5.pfb><
/usr/local/texlive/2012/texmf-dist/fonts/type1/public/amsfonts/cm/cmr6.pfb></us
r/local/texlive/2012/texmf-dist/fonts/type1/public/amsfonts/cm/cmr7.pfb></usr/l
ocal/texlive/2012/texmf-dist/fonts/type1/public/amsfonts/cm/cmr8.pfb></usr/loca
l/texlive/2012/texmf-dist/fonts/type1/public/amsfonts/cm/cmr9.pfb></usr/local/t
exlive/2012/texmf-dist/fonts/type1/public/amsfonts/cm/cmsy10.pfb></usr/local/te
xlive/2012/texmf-dist/fonts/type1/public/amsfonts/cm/cmsy5.pfb></usr/local/texl
ive/2012/texmf-dist/fonts/type1/public/amsfonts/cm/cmsy6.pfb></usr/local/texliv
e/2012/texmf-dist/fonts/type1/public/amsfonts/cm/cmsy7.pfb></usr/local/texlive/
2012/texmf-dist/fonts/type1/public/amsfonts/cm/cmsy8.pfb></usr/local/texlive/20
12/texmf-dist/fonts/type1/public/amsfonts/cm/cmsy9.pfb></usr/local/texlive/2012
/texmf-dist/fonts/type1/public/amsfonts/cm/cmti10.pfb></usr/local/texlive/2012/
texmf-dist/fonts/type1/public/amsfonts/cm/cmti9.pfb></usr/local/texlive/2012/te
xmf-dist/fonts/type1/public/amsfonts/cm/cmtt10.pfb></usr/local/texlive/2012/tex
mf-dist/fonts/type1/public/amsfonts/cm/cmtt9.pfb></usr/local/texlive/2012/texmf
-dist/fonts/type1/public/amsfonts/symbols/msam10.pfb>
Output written on paper.pdf (22 pages, 1346155 bytes).
PDF statistics:
 1549 PDF objects out of 1728 (max. 8388607)
 424 compressed objects within 5 object streams
 0 named destinations out of 1000 (max. 500000)
 91 words of extra memory for PDF output out of 10000 (max. 10000000)

